RIJNDAEL: gcry_rijndael
RIJNDAEL192: gcry_rijndael
RIJNDAEL256: gcry_rijndael
AES128: gcry_rijndael
AES-128: gcry_rijndael
AES-192: gcry_rijndael
AES-256: gcry_rijndael
SEED: gcry_seed
TIGER192: gcry_tiger
RFC2268_40: gcry_rfc2268
RIPEMD160: gcry_rmd160
MD5: gcry_md5
SERPENT128: gcry_serpent
SERPENT192: gcry_serpent
SERPENT256: gcry_serpent
ARCFOUR: gcry_arcfour
CRC32: gcry_crc
CRC32RFC1510: gcry_crc
CRC24RFC2440: gcry_crc
AES: gcry_rijndael
AES192: gcry_rijndael
AES256: gcry_rijndael
TWOFISH: gcry_twofish
TWOFISH128: gcry_twofish
SHA224: gcry_sha256
SHA256: gcry_sha256
MD4: gcry_md4
WHIRLPOOL: gcry_whirlpool
BLOWFISH: gcry_blowfish
CAST5: gcry_cast5
DES: gcry_des
3DES: gcry_des
CAMELLIA128: gcry_camellia
CAMELLIA192: gcry_camellia
CAMELLIA256: gcry_camellia
SHA512: gcry_sha512
SHA384: gcry_sha512
SHA1: gcry_sha1
